<?xml version="1.0" encoding="UTF-8"?>
<!-- Generated by org.testng.reporters.JUnitXMLReporter -->
<testsuite ignored="0" hostname="Mithun-HomePC" failures="2" tests="13" name="Nopackage" time="0.08" errors="0" timestamp="2021-06-29T15:24:13 IST">
  <testcase classname="com.test.MyTest" name="test1" time="0.011">
    <skipped/>
  </testcase> <!-- test1 -->
  <testcase classname="com.test.MyTest" name="test1" time="0.001">
    <skipped/>
  </testcase> <!-- test1 -->
  <testcase classname="com.test.MyTest" name="test1" time="0.001">
    <skipped/>
  </testcase> <!-- test1 -->
  <testcase classname="com.test.MyTest" name="test1" time="0.0">
    <skipped/>
  </testcase> <!-- test1 -->
  <testcase classname="com.test.MyTest" name="test1" time="0.001">
    <skipped/>
  </testcase> <!-- test1 -->
  <testcase classname="com.test.MyTest" name="test1" time="0.0">
    <failure type="java.lang.AssertionError" message="expected:&amp;lt;false&amp;gt; but was:&amp;lt;true&amp;gt;">
      <![CDATA[java.lang.AssertionError: expected:<false> but was:<true>
at com.test.MyTest.test1(MyTest.java:12)
at java.base/java.util.ArrayList.forEach(ArrayList.java:1378)
... Removed 32 stack frames]]>
    </failure>
  </testcase> <!-- test1 -->
  <testcase classname="com.test.MyTest" name="test2" time="0.001">
    <skipped/>
  </testcase> <!-- test2 -->
  <testcase classname="com.test.MyTest" name="test2" time="0.001">
    <skipped/>
  </testcase> <!-- test2 -->
  <testcase classname="com.test.MyTest" name="test2" time="0.002">
    <skipped/>
  </testcase> <!-- test2 -->
  <testcase classname="com.test.MyTest" name="test2" time="0.001">
    <skipped/>
  </testcase> <!-- test2 -->
  <testcase classname="com.test.MyTest" name="test2" time="0.001">
    <skipped/>
  </testcase> <!-- test2 -->
  <testcase classname="com.test.MyTest" name="test2" time="0.0">
    <failure type="java.lang.AssertionError" message="expected:&amp;lt;false&amp;gt; but was:&amp;lt;true&amp;gt;">
      <![CDATA[java.lang.AssertionError: expected:<false> but was:<true>
at com.test.MyTest.test2(MyTest.java:20)
at java.base/java.util.ArrayList.forEach(ArrayList.java:1378)
... Removed 32 stack frames]]>
    </failure>
  </testcase> <!-- test2 -->
  <testcase classname="com.test.MyTest" name="test3" time="0.001"/>
</testsuite> <!-- Nopackage -->
